<?xml version="1.0" encoding="UTF-8"?>
<!-- Generated by org.testng.reporters.JUnitReportReporter -->
<testsuite hostname="DESKTOP-BETEQL8" failures="0" tests="8" name="AlmosaferWeb.Omar" time="3.955" errors="0" timestamp="2024-02-02T06:42:57 EET" skipped="0">
  <testcase classname="AlmosaferWeb.Omar" name="CheckTheDefualtlanguageIsEnglish" time="0.057"/>
  <system-out/>
  <testcase classname="AlmosaferWeb.Omar" name="CheckTheDefualtCurrencyIsSAR" time="0.044"/>
  <system-out/>
  <testcase classname="AlmosaferWeb.Omar" name="CheckContactNumber" time="0.037"/>
  <system-out/>
  <testcase classname="AlmosaferWeb.Omar" name="CheckQitafLogo" time="0.084"/>
  <system-out/>
  <testcase classname="AlmosaferWeb.Omar" name="CheckHotelTabIsNotSelectedByDefualt" time="0.050"/>
  <system-out/>
  <testcase classname="AlmosaferWeb.Omar" name="CheckDepatureDateAndReturnDate" time="0.258"/>
  <system-out/>
  <testcase classname="AlmosaferWeb.Omar" name="RandomMethodToChangeTheLanguage" time="2.813"/>
  <system-out/>
  <testcase classname="AlmosaferWeb.Omar" name="switchToHotelTab" time="0.612"/>
  <system-out/>
</testsuite> <!-- AlmosaferWeb.Omar -->
