<?xml version="1.0" encoding="UTF-8"?>
<!-- Generated by org.testng.reporters.JUnitReportReporter -->
<testsuite hostname="DESKTOP-BETEQL8" failures="0" tests="11" name="AlmosaferWeb.Omar" time="74.443" errors="0" timestamp="2024-02-05T14:14:24 EET" skipped="0">
  <testcase classname="AlmosaferWeb.Omar" name="CheckTheDefualtlanguageIsEnglish" time="0.653"/>
  <system-out/>
  <testcase classname="AlmosaferWeb.Omar" name="CheckTheDefualtCurrencyIsSAR" time="1.445"/>
  <system-out/>
  <testcase classname="AlmosaferWeb.Omar" name="CheckContactNumber" time="0.071"/>
  <system-out/>
  <testcase classname="AlmosaferWeb.Omar" name="CheckQitafLogo" time="0.104"/>
  <system-out/>
  <testcase classname="AlmosaferWeb.Omar" name="CheckHotelTabIsNotSelectedByDefualt" time="0.077"/>
  <system-out/>
  <testcase classname="AlmosaferWeb.Omar" name="CheckDepatureDateAndReturnDate" time="0.269"/>
  <system-out/>
  <testcase classname="AlmosaferWeb.Omar" name="RandomMethodToChangeTheLanguage" time="9.708"/>
  <system-out/>
  <testcase classname="AlmosaferWeb.Omar" name="switchToHotelTab" time="14.496"/>
  <system-out/>
  <testcase classname="AlmosaferWeb.Omar" name="RandomlySelectTheVisitorNumber" time="14.929"/>
  <system-out/>
  <testcase classname="AlmosaferWeb.Omar" name="makeSurePageIsFullyLoaded" time="25.859"/>
  <system-out/>
  <testcase classname="AlmosaferWeb.Omar" name="sortTheItemsBasedOnThePrice" time="6.832"/>
  <system-out/>
</testsuite> <!-- AlmosaferWeb.Omar -->
