<?xml version="1.0" encoding="UTF-8"?>
<!-- Generated by org.testng.reporters.JUnitReportReporter -->
<testsuite hostname="DESKTOP-BETEQL8" failures="0" tests="5" name="AlmosaferWeb.Omar" time="0.753" errors="0" timestamp="2024-02-01T07:06:55 EET" skipped="0">
  <testcase classname="AlmosaferWeb.Omar" name="CheckTheDefualtlanguageIsEnglish" time="0.547"/>
  <system-out/>
  <testcase classname="AlmosaferWeb.Omar" name="CheckTheDefualtCurrencyIsSAR" time="0.054"/>
  <system-out/>
  <testcase classname="AlmosaferWeb.Omar" name="CheckContactNumber" time="0.043"/>
  <system-out/>
  <testcase classname="AlmosaferWeb.Omar" name="CheckQitafLogo" time="0.064"/>
  <system-out/>
  <testcase classname="AlmosaferWeb.Omar" name="CheckHotelTabIsNotSelectedByDefualt" time="0.045"/>
  <system-out/>
</testsuite> <!-- AlmosaferWeb.Omar -->
